[2020-03-21 23:55:29.150] [renderer1] [error] TreeError [MarkersView] Tree element not found: [object Object]: Error: TreeError [MarkersView] Tree element not found: [object Object]
    at t.ObjectTreeModel.getElementLocation (file:///usr/share/code/resources/app/out/vs/workbench/workbench.desktop.main.js:128:266)
    at t.ObjectTreeModel.isCollapsed (file:///usr/share/code/resources/app/out/vs/workbench/workbench.desktop.main.js:127:375)
    at H.isCollapsed (file:///usr/share/code/resources/app/out/vs/workbench/workbench.desktop.main.js:1079:430)
    at U.autoReveal (file:///usr/share/code/resources/app/out/vs/workbench/workbench.desktop.main.js:6306:155)
    at U.onActiveEditorChanged (file:///usr/share/code/resources/app/out/vs/workbench/workbench.desktop.main.js:6302:1005)
    at file:///usr/share/code/resources/app/out/vs/workbench/workbench.desktop.main.js:6301:862
    at file:///usr/share/code/resources/app/out/vs/workbench/workbench.desktop.main.js:106:447
    at c.fire (file:///usr/share/code/resources/app/out/vs/workbench/workbench.desktop.main.js:110:24)
    at L.doHandleActiveEditorChangeEvent (file:///usr/share/code/resources/app/out/vs/workbench/workbench.desktop.main.js:5477:648)
    at L.handleActiveEditorChange (file:///usr/share/code/resources/app/out/vs/workbench/workbench.desktop.main.js:5477:446)
    at file:///usr/share/code/resources/app/out/vs/workbench/workbench.desktop.main.js:5476:472
    at c.fire (file:///usr/share/code/resources/app/out/vs/workbench/workbench.desktop.main.js:110:24)
    at e.doSetGroupActive (file:///usr/share/code/resources/app/out/vs/workbench/workbench.desktop.main.js:5629:1001)
    at file:///usr/share/code/resources/app/out/vs/workbench/workbench.desktop.main.js:5629:516
    at c.fire (file:///usr/share/code/resources/app/out/vs/workbench/workbench.desktop.main.js:110:24)
    at file:///usr/share/code/resources/app/out/vs/workbench/workbench.desktop.main.js:5604:944
    at c.fire (file:///usr/share/code/resources/app/out/vs/workbench/workbench.desktop.main.js:110:24)
    at file:///usr/share/code/resources/app/out/vs/workbench/workbench.desktop.main.js:4186:519
    at c.fire (file:///usr/share/code/resources/app/out/vs/workbench/workbench.desktop.main.js:110:24)
    at file:///usr/share/code/resources/app/out/vs/workbench/workbench.desktop.main.js:2865:688
    at c.fire (file:///usr/share/code/resources/app/out/vs/workbench/workbench.desktop.main.js:110:24)
    at o (file:///usr/share/code/resources/app/out/vs/workbench/workbench.desktop.main.js:293:938)
    at c.fire (file:///usr/share/code/resources/app/out/vs/workbench/workbench.desktop.main.js:110:24)
    at HTMLDivElement.s (file:///usr/share/code/resources/app/out/vs/workbench/workbench.desktop.main.js:115:689)
    at HTMLTextAreaElement.focus (<anonymous>)
    at f.setSelectionRange (file:///usr/share/code/resources/app/out/vs/workbench/workbench.desktop.main.js:601:241)
    at o.writeToTextArea (file:///usr/share/code/resources/app/out/vs/workbench/workbench.desktop.main.js:581:936)
    at p._setAndWriteTextAreaState (file:///usr/share/code/resources/app/out/vs/workbench/workbench.desktop.main.js:598:392)
    at p.writeScreenReaderContent (file:///usr/share/code/resources/app/out/vs/workbench/workbench.desktop.main.js:598:522)
    at p._setHasFocus (file:///usr/share/code/resources/app/out/vs/workbench/workbench.desktop.main.js:598:221)
    at p.focusTextArea (file:///usr/share/code/resources/app/out/vs/workbench/workbench.desktop.main.js:597:544)
    at C.focusTextArea (file:///usr/share/code/resources/app/out/vs/workbench/workbench.desktop.main.js:2174:739)
    at z.focus (file:///usr/share/code/resources/app/out/vs/workbench/workbench.desktop.main.js:2200:303)
    at Object.focusTextArea (file:///usr/share/code/resources/app/out/vs/workbench/workbench.desktop.main.js:2195:311)
    at h (file:///usr/share/code/resources/app/out/vs/workbench/workbench.desktop.main.js:2091:732)
    at g._onMouseDown (file:///usr/share/code/resources/app/out/vs/workbench/workbench.desktop.main.js:2091:766)
    at file:///usr/share/code/resources/app/out/vs/workbench/workbench.desktop.main.js:2089:559
    at HTMLDivElement.<anonymous> (file:///usr/share/code/resources/app/out/vs/workbench/workbench.desktop.main.js:564:50)
[2020-03-22 00:07:53.677] [renderer1] [error] TreeError [MarkersView] Tree element not found: [object Object]: Error: TreeError [MarkersView] Tree element not found: [object Object]
    at t.ObjectTreeModel.getElementLocation (file:///usr/share/code/resources/app/out/vs/workbench/workbench.desktop.main.js:128:266)
    at t.ObjectTreeModel.isCollapsed (file:///usr/share/code/resources/app/out/vs/workbench/workbench.desktop.main.js:127:375)
    at H.isCollapsed (file:///usr/share/code/resources/app/out/vs/workbench/workbench.desktop.main.js:1079:430)
    at U.autoReveal (file:///usr/share/code/resources/app/out/vs/workbench/workbench.desktop.main.js:6306:155)
    at U.onActiveEditorChanged (file:///usr/share/code/resources/app/out/vs/workbench/workbench.desktop.main.js:6302:1005)
    at file:///usr/share/code/resources/app/out/vs/workbench/workbench.desktop.main.js:6301:862
    at file:///usr/share/code/resources/app/out/vs/workbench/workbench.desktop.main.js:106:447
    at c.fire (file:///usr/share/code/resources/app/out/vs/workbench/workbench.desktop.main.js:110:24)
    at L.doHandleActiveEditorChangeEvent (file:///usr/share/code/resources/app/out/vs/workbench/workbench.desktop.main.js:5477:648)
    at L.handleActiveEditorChange (file:///usr/share/code/resources/app/out/vs/workbench/workbench.desktop.main.js:5477:446)
    at file:///usr/share/code/resources/app/out/vs/workbench/workbench.desktop.main.js:5477:758
    at c.fire (file:///usr/share/code/resources/app/out/vs/workbench/workbench.desktop.main.js:110:24)
    at file:///usr/share/code/resources/app/out/vs/workbench/workbench.desktop.main.js:5611:990
    at async e.openEditor (file:///usr/share/code/resources/app/out/vs/workbench/workbench.desktop.main.js:5610:800)
[2020-03-22 00:15:02.264] [renderer1] [error] TreeError [MarkersView] Tree element not found: [object Object]: Error: TreeError [MarkersView] Tree element not found: [object Object]
    at t.ObjectTreeModel.getElementLocation (file:///usr/share/code/resources/app/out/vs/workbench/workbench.desktop.main.js:128:266)
    at t.ObjectTreeModel.isCollapsed (file:///usr/share/code/resources/app/out/vs/workbench/workbench.desktop.main.js:127:375)
    at H.isCollapsed (file:///usr/share/code/resources/app/out/vs/workbench/workbench.desktop.main.js:1079:430)
    at U.autoReveal (file:///usr/share/code/resources/app/out/vs/workbench/workbench.desktop.main.js:6306:155)
    at U.onActiveEditorChanged (file:///usr/share/code/resources/app/out/vs/workbench/workbench.desktop.main.js:6302:1005)
    at file:///usr/share/code/resources/app/out/vs/workbench/workbench.desktop.main.js:6301:862
    at file:///usr/share/code/resources/app/out/vs/workbench/workbench.desktop.main.js:106:447
    at c.fire (file:///usr/share/code/resources/app/out/vs/workbench/workbench.desktop.main.js:110:24)
    at L.doHandleActiveEditorChangeEvent (file:///usr/share/code/resources/app/out/vs/workbench/workbench.desktop.main.js:5477:648)
    at L.handleActiveEditorChange (file:///usr/share/code/resources/app/out/vs/workbench/workbench.desktop.main.js:5477:446)
    at file:///usr/share/code/resources/app/out/vs/workbench/workbench.desktop.main.js:5477:758
    at c.fire (file:///usr/share/code/resources/app/out/vs/workbench/workbench.desktop.main.js:110:24)
    at file:///usr/share/code/resources/app/out/vs/workbench/workbench.desktop.main.js:5611:990
    at async e.openEditor (file:///usr/share/code/resources/app/out/vs/workbench/workbench.desktop.main.js:5610:800)
